<?xml version="1.0" encoding="UTF-8"?>
<!-- Generated by org.testng.reporters.JUnitXMLReporter -->
<testsuite ignored="0" hostname="CHNMCT369326L" failures="0" tests="5" name="Default test" time="97.262" errors="0" timestamp="2020-10-18T13:08:34 IST">
  <testcase classname="com.testCases.dropDownTest" name="dropDownApplianceTest" time="1.511"/>
  <testcase classname="com.testCases.dropDownTest" name="dropDownDealsTest" time="0.928"/>
  <testcase classname="com.testCases.dropDownTest" name="dropDownElectronicsTest" time="1.137"/>
  <testcase classname="com.testCases.dropDownTest" name="dropDownWatchesTest" time="1.072"/>
  <testcase classname="com.testCases.dropDownTest" name="dropDownkindleStoreTest" time="1.03"/>
</testsuite> <!-- Default test -->
