<?xml version="1.0" encoding="UTF-8"?>
<!-- Generated by org.testng.reporters.JUnitXMLReporter -->
<testsuite ignored="0" hostname="CHNMCT369326L" failures="0" tests="5" name="Test" time="15.322" errors="0" timestamp="2020-10-18T13:09:40 IST">
  <testcase classname="com.qa.ApplicationSpecifics.ProjectSpecificMethods" name="@BeforeMethod beforeMethod" time="14.869">
    <failure type="java.lang.RuntimeException">
      <![CDATA[java.lang.RuntimeException
at com.amazon.selenium.base.SeleniumBase.startApp(SeleniumBase.java:288)
at com.qa.ApplicationSpecifics.ProjectSpecificMethods.beforeMethod(ProjectSpecificMethods.java:41)
at java.base/java.util.ArrayList.forEach(ArrayList.java:1540)
... Removed 31 stack frames]]>
    </failure>
  </testcase> <!-- @BeforeMethod beforeMethod -->
  <testcase classname="com.qa.ApplicationSpecifics.ProjectSpecificMethods" name="@AfterMethod afterMethod" time="-1.603006780249E9">
    <skipped/>
  </testcase> <!-- @AfterMethod afterMethod -->
  <testcase classname="com.qa.ApplicationSpecifics.ProjectSpecificMethods" name="@BeforeMethod beforeMethod" time="-1.603006780249E9">
    <skipped/>
  </testcase> <!-- @BeforeMethod beforeMethod -->
  <testcase classname="com.qa.ApplicationSpecifics.ProjectSpecificMethods" name="@AfterMethod afterMethod" time="-1.60300678028E9">
    <skipped/>
  </testcase> <!-- @AfterMethod afterMethod -->
  <testcase classname="com.qa.ApplicationSpecifics.ProjectSpecificMethods" name="@BeforeMethod beforeMethod" time="-1.60300678028E9">
    <skipped/>
  </testcase> <!-- @BeforeMethod beforeMethod -->
  <testcase classname="com.qa.ApplicationSpecifics.ProjectSpecificMethods" name="@AfterMethod afterMethod" time="-1.603006780296E9">
    <skipped/>
  </testcase> <!-- @AfterMethod afterMethod -->
  <testcase classname="com.qa.ApplicationSpecifics.ProjectSpecificMethods" name="@BeforeMethod beforeMethod" time="-1.603006780296E9">
    <skipped/>
  </testcase> <!-- @BeforeMethod beforeMethod -->
  <testcase classname="com.qa.ApplicationSpecifics.ProjectSpecificMethods" name="@AfterMethod afterMethod" time="-1.603006780311E9">
    <skipped/>
  </testcase> <!-- @AfterMethod afterMethod -->
  <testcase classname="com.qa.ApplicationSpecifics.ProjectSpecificMethods" name="@BeforeMethod beforeMethod" time="-1.603006780311E9">
    <skipped/>
  </testcase> <!-- @BeforeMethod beforeMethod -->
  <testcase classname="com.qa.ApplicationSpecifics.ProjectSpecificMethods" name="@AfterMethod afterMethod" time="-1.603006780327E9">
    <skipped/>
  </testcase> <!-- @AfterMethod afterMethod -->
  <testcase classname="com.testCases.dropDownTest" name="dropDownApplianceTest" time="0.0">
    <skipped/>
  </testcase> <!-- dropDownApplianceTest -->
  <testcase classname="com.testCases.dropDownTest" name="dropDownDealsTest" time="0.0">
    <skipped/>
  </testcase> <!-- dropDownDealsTest -->
  <testcase classname="com.testCases.dropDownTest" name="dropDownElectronicsTest" time="0.0">
    <skipped/>
  </testcase> <!-- dropDownElectronicsTest -->
  <testcase classname="com.testCases.dropDownTest" name="dropDownWatchesTest" time="0.0">
    <skipped/>
  </testcase> <!-- dropDownWatchesTest -->
  <testcase classname="com.testCases.dropDownTest" name="dropDownkindleStoreTest" time="0.0">
    <skipped/>
  </testcase> <!-- dropDownkindleStoreTest -->
</testsuite> <!-- Test -->
