<?xml version="1.0" encoding="UTF-8"?>
<!-- Generated by org.testng.reporters.JUnitXMLReporter -->
<testsuite ignored="0" hostname="DESKTOP-9H9FV2E" failures="0" tests="5" name="Test" time="2.435" errors="0" timestamp="2020-10-19T19:54:50 IST">
  <testcase classname="com.qa.ApplicationSpecifics.ProjectSpecificMethods" name="@BeforeMethod beforeMethod" time="2.184">
    <failure type="java.lang.RuntimeException">
      <![CDATA[java.lang.RuntimeException
at com.amazon.selenium.base.SeleniumBase.startApp(SeleniumBase.java:288)
at com.qa.ApplicationSpecifics.ProjectSpecificMethods.beforeMethod(ProjectSpecificMethods.java:41)
at java.base/java.util.ArrayList.forEach(ArrayList.java:1511)
... Removed 31 stack frames]]>
    </failure>
  </testcase> <!-- @BeforeMethod beforeMethod -->
  <testcase classname="com.qa.ApplicationSpecifics.ProjectSpecificMethods" name="@AfterMethod afterMethod" time="-1.603117489988E9">
    <skipped/>
  </testcase> <!-- @AfterMethod afterMethod -->
  <testcase classname="com.qa.ApplicationSpecifics.ProjectSpecificMethods" name="@BeforeMethod beforeMethod" time="-1.603117489993E9">
    <skipped/>
  </testcase> <!-- @BeforeMethod beforeMethod -->
  <testcase classname="com.qa.ApplicationSpecifics.ProjectSpecificMethods" name="@AfterMethod afterMethod" time="-1.603117490004E9">
    <skipped/>
  </testcase> <!-- @AfterMethod afterMethod -->
  <testcase classname="com.qa.ApplicationSpecifics.ProjectSpecificMethods" name="@BeforeMethod beforeMethod" time="-1.603117490006E9">
    <skipped/>
  </testcase> <!-- @BeforeMethod beforeMethod -->
  <testcase classname="com.qa.ApplicationSpecifics.ProjectSpecificMethods" name="@AfterMethod afterMethod" time="-1.603117490014E9">
    <skipped/>
  </testcase> <!-- @AfterMethod afterMethod -->
  <testcase classname="com.qa.ApplicationSpecifics.ProjectSpecificMethods" name="@BeforeMethod beforeMethod" time="-1.603117490016E9">
    <skipped/>
  </testcase> <!-- @BeforeMethod beforeMethod -->
  <testcase classname="com.qa.ApplicationSpecifics.ProjectSpecificMethods" name="@AfterMethod afterMethod" time="-1.603117490026E9">
    <skipped/>
  </testcase> <!-- @AfterMethod afterMethod -->
  <testcase classname="com.qa.ApplicationSpecifics.ProjectSpecificMethods" name="@BeforeMethod beforeMethod" time="-1.603117490029E9">
    <skipped/>
  </testcase> <!-- @BeforeMethod beforeMethod -->
  <testcase classname="com.qa.ApplicationSpecifics.ProjectSpecificMethods" name="@AfterMethod afterMethod" time="-1.603117490037E9">
    <skipped/>
  </testcase> <!-- @AfterMethod afterMethod -->
  <testcase classname="com.testCases.dropDownTest" name="dropDownApplianceTest" time="0.0">
    <skipped/>
  </testcase> <!-- dropDownApplianceTest -->
  <testcase classname="com.testCases.dropDownTest" name="dropDownDealsTest" time="0.0">
    <skipped/>
  </testcase> <!-- dropDownDealsTest -->
  <testcase classname="com.testCases.dropDownTest" name="dropDownElectronicsTest" time="0.0">
    <skipped/>
  </testcase> <!-- dropDownElectronicsTest -->
  <testcase classname="com.testCases.dropDownTest" name="dropDownWatchesTest" time="0.0">
    <skipped/>
  </testcase> <!-- dropDownWatchesTest -->
  <testcase classname="com.testCases.dropDownTest" name="dropDownkindleStoreTest" time="0.0">
    <skipped/>
  </testcase> <!-- dropDownkindleStoreTest -->
</testsuite> <!-- Test -->
